# JRE version: OpenJDK Runtime Environment Temurin-21.0.9+10 (21.0.9+10) (build 21.0.9+10-LTS)
# Java VM: OpenJDK 64-Bit Server VM Temurin-21.0.9+10 (21.0.9+10-LTS, mixed mode, sharing, tiered, compressed oops, compressed class ptrs, parallel gc, windows-amd64)
GC Precious Log:
 CardTable entry size: 512
 CPUs: 8 total, 8 available
 Memory: 7959M
 Large Page Support: Disabled
 NUMA Support: Disabled
 Compressed Oops: Enabled (32-bit)
 Alignments: Space 512K, Generation 512K, Heap 2M
 Heap Min Capacity: 100M
 Heap Initial Capacity: 100M
 Heap Max Capacity: 2G
 Pre-touch: Disabled
 Parallel Workers: 8
Heap:
 PSYoungGen      total 9216K, used 7761K [0x00000000d5580000, 0x00000000d6000000, 0x0000000100000000)
  eden space 7680K, 91% used [0x00000000d5580000,0x00000000d5c57898,0x00000000d5d00000)
  from space 1536K, 49% used [0x00000000d5d00000,0x00000000d5dbcde0,0x00000000d5e80000)
  to   space 1024K, 0% used [0x00000000d5f00000,0x00000000d5f00000,0x00000000d6000000)
 ParOldGen       total 1223680K, used 968836K [0x0000000080000000, 0x00000000cab00000, 0x00000000d5580000)
  object space 1223680K, 79% used [0x0000000080000000,0x00000000bb2212f0,0x00000000cab00000)
 Metaspace       used 100167K, committed 101888K, reserved 1179648K
  class space    used 9943K, committed 10752K, reserved 1048576K
GC Heap History (20 events):
Event: 173428.624 GC heap before
{Heap before GC invocations=6445 (full 7):
 PSYoungGen      total 6144K, used 6034K [0x00000000d5580000, 0x00000000d5f80000, 0x0000000100000000)
  eden space 4096K, 100% used [0x00000000d5580000,0x00000000d5980000,0x00000000d5980000)
  from space 2048K, 94% used [0x00000000d5980000,0x00000000d5b64928,0x00000000d5b80000)
  to   space 2560K, 0% used [0x00000000d5d00000,0x00000000d5d00000,0x00000000d5f80000)
 ParOldGen       total 1223680K, used 953907K [0x0000000080000000, 0x00000000cab00000, 0x00000000d5580000)
  object space 1223680K, 77% used [0x0000000080000000,0x00000000ba38cea8,0x00000000cab00000)
 Metaspace       used 100160K, committed 101888K, reserved 1179648K
  class space    used 9943K, committed 10752K, reserved 1048576K
}
Event: 173428.659 GC heap after
{Heap after GC invocations=6445 (full 7):
 PSYoungGen      total 6656K, used 1072K [0x00000000d5580000, 0x00000000d5e80000, 0x0000000100000000)
  eden space 5120K, 0% used [0x00000000d5580000,0x00000000d5580000,0x00000000d5a80000)
  from space 1536K, 69% used [0x00000000d5d00000,0x00000000d5e0c030,0x00000000d5e80000)
  to   space 1536K, 0% used [0x00000000d5b80000,0x00000000d5b80000,0x00000000d5d00000)
 ParOldGen       total 1223680K, used 955272K [0x0000000080000000, 0x00000000cab00000, 0x00000000d5580000)
  object space 1223680K, 78% used [0x0000000080000000,0x00000000ba4e2360,0x00000000cab00000)
 Metaspace       used 100160K, committed 101888K, reserved 1179648K
  class space    used 9943K, committed 10752K, reserved 1048576K
}
Event: 173428.690 GC heap before
{Heap before GC invocations=6446 (full 7):
 PSYoungGen      total 6656K, used 6192K [0x00000000d5580000, 0x00000000d5e80000, 0x0000000100000000)
  eden space 5120K, 100% used [0x00000000d5580000,0x00000000d5a80000,0x00000000d5a80000)
  from space 1536K, 69% used [0x00000000d5d00000,0x00000000d5e0c030,0x00000000d5e80000)
  to   space 1536K, 0% used [0x00000000d5b80000,0x00000000d5b80000,0x00000000d5d00000)
 ParOldGen       total 1223680K, used 955272K [0x0000000080000000, 0x00000000cab00000, 0x00000000d5580000)
  object space 1223680K, 78% used [0x0000000080000000,0x00000000ba4e2360,0x00000000cab00000)
 Metaspace       used 100160K, committed 101888K, reserved 1179648K
  class space    used 9943K, committed 10752K, reserved 1048576K
}
Event: 173428.724 GC heap after
{Heap after GC invocations=6446 (full 7):
 PSYoungGen      total 7680K, used 1520K [0x00000000d5580000, 0x00000000d6180000, 0x0000000100000000)
  eden space 6144K, 0% used [0x00000000d5580000,0x00000000d5580000,0x00000000d5b80000)
  from space 1536K, 98% used [0x00000000d5b80000,0x00000000d5cfc010,0x00000000d5d00000)
  to   space 3072K, 0% used [0x00000000d5e80000,0x00000000d5e80000,0x00000000d6180000)
 ParOldGen       total 1223680K, used 956107K [0x0000000080000000, 0x00000000cab00000, 0x00000000d5580000)
  object space 1223680K, 78% used [0x0000000080000000,0x00000000ba5b2c70,0x00000000cab00000)
 Metaspace       used 100160K, committed 101888K, reserved 1179648K
  class space    used 9943K, committed 10752K, reserved 1048576K
}
Event: 173428.989 GC heap before
{Heap before GC invocations=6447 (full 7):
 PSYoungGen      total 7680K, used 7659K [0x00000000d5580000, 0x00000000d6180000, 0x0000000100000000)
  eden space 6144K, 99% used [0x00000000d5580000,0x00000000d5b7ed00,0x00000000d5b80000)
  from space 1536K, 98% used [0x00000000d5b80000,0x00000000d5cfc010,0x00000000d5d00000)
  to   space 3072K, 0% used [0x00000000d5e80000,0x00000000d5e80000,0x00000000d6180000)
 ParOldGen       total 1223680K, used 956107K [0x0000000080000000, 0x00000000cab00000, 0x00000000d5580000)
  object space 1223680K, 78% used [0x0000000080000000,0x00000000ba5b2c70,0x00000000cab00000)
 Metaspace       used 100160K, committed 101888K, reserved 1179648K
  class space    used 9943K, committed 10752K, reserved 1048576K
}
Event: 173429.017 GC heap after
{Heap after GC invocations=6447 (full 7):
 PSYoungGen      total 9728K, used 1285K [0x00000000d5580000, 0x00000000d6100000, 0x0000000100000000)
  eden space 7168K, 0% used [0x00000000d5580000,0x00000000d5580000,0x00000000d5c80000)
  from space 2560K, 50% used [0x00000000d5e80000,0x00000000d5fc1700,0x00000000d6100000)
  to   space 2048K, 0% used [0x00000000d5c80000,0x00000000d5c80000,0x00000000d5e80000)
 ParOldGen       total 1223680K, used 957605K [0x0000000080000000, 0x00000000cab00000, 0x00000000d5580000)
  object space 1223680K, 78% used [0x0000000080000000,0x00000000ba729668,0x00000000cab00000)
 Metaspace       used 100160K, committed 101888K, reserved 1179648K
  class space    used 9943K, committed 10752K, reserved 1048576K
}
Event: 173429.639 GC heap before
{Heap before GC invocations=6448 (full 7):
 PSYoungGen      total 9728K, used 8453K [0x00000000d5580000, 0x00000000d6100000, 0x0000000100000000)
  eden space 7168K, 100% used [0x00000000d5580000,0x00000000d5c80000,0x00000000d5c80000)
  from space 2560K, 50% used [0x00000000d5e80000,0x00000000d5fc1700,0x00000000d6100000)
  to   space 2048K, 0% used [0x00000000d5c80000,0x00000000d5c80000,0x00000000d5e80000)
 ParOldGen       total 1223680K, used 957605K [0x0000000080000000, 0x00000000cab00000, 0x00000000d5580000)
  object space 1223680K, 78% used [0x0000000080000000,0x00000000ba729668,0x00000000cab00000)
 Metaspace       used 100160K, committed 101888K, reserved 1179648K
  class space    used 9943K, committed 10752K, reserved 1048576K
}
Event: 173429.645 GC heap after
{Heap after GC invocations=6448 (full 7):
 PSYoungGen      total 9216K, used 916K [0x00000000d5580000, 0x00000000d6100000, 0x0000000100000000)
  eden space 7168K, 0% used [0x00000000d5580000,0x00000000d5580000,0x00000000d5c80000)
  from space 2048K, 44% used [0x00000000d5c80000,0x00000000d5d653b8,0x00000000d5e80000)
  to   space 1536K, 0% used [0x00000000d5f80000,0x00000000d5f80000,0x00000000d6100000)
 ParOldGen       total 1223680K, used 958730K [0x0000000080000000, 0x00000000cab00000, 0x00000000d5580000)
  object space 1223680K, 78% used [0x0000000080000000,0x00000000ba8429b0,0x00000000cab00000)
 Metaspace       used 100160K, committed 101888K, reserved 1179648K
  class space    used 9943K, committed 10752K, reserved 1048576K
}
Event: 173434.014 GC heap before
{Heap before GC invocations=6449 (full 7):
 PSYoungGen      total 9216K, used 8069K [0x00000000d5580000, 0x00000000d6100000, 0x0000000100000000)
  eden space 7168K, 99% used [0x00000000d5580000,0x00000000d5c7c1c8,0x00000000d5c80000)
  from space 2048K, 44% used [0x00000000d5c80000,0x00000000d5d653b8,0x00000000d5e80000)
  to   space 1536K, 0% used [0x00000000d5f80000,0x00000000d5f80000,0x00000000d6100000)
 ParOldGen       total 1223680K, used 958730K [0x0000000080000000, 0x00000000cab00000, 0x00000000d5580000)
  object space 1223680K, 78% used [0x0000000080000000,0x00000000ba8429b0,0x00000000cab00000)
 Metaspace       used 100160K, committed 101888K, reserved 1179648K
  class space    used 9943K, committed 10752K, reserved 1048576K
}
Event: 173434.021 GC heap after
{Heap after GC invocations=6449 (full 7):
 PSYoungGen      total 7680K, used 245K [0x00000000d5580000, 0x00000000d6000000, 0x0000000100000000)
  eden space 7168K, 0% used [0x00000000d5580000,0x00000000d5580000,0x00000000d5c80000)
  from space 512K, 47% used [0x00000000d5f80000,0x00000000d5fbd6f0,0x00000000d6000000)
  to   space 1024K, 0% used [0x00000000d5e00000,0x00000000d5e00000,0x00000000d5f00000)
 ParOldGen       total 1223680K, used 959520K [0x0000000080000000, 0x00000000cab00000, 0x00000000d5580000)
  object space 1223680K, 78% used [0x0000000080000000,0x00000000ba908278,0x00000000cab00000)
 Metaspace       used 100160K, committed 101888K, reserved 1179648K
  class space    used 9943K, committed 10752K, reserved 1048576K
}
Event: 173434.416 GC heap before
{Heap before GC invocations=6450 (full 7):
 PSYoungGen      total 7680K, used 7390K [0x00000000d5580000, 0x00000000d6000000, 0x0000000100000000)
  eden space 7168K, 99% used [0x00000000d5580000,0x00000000d5c7a3c0,0x00000000d5c80000)
  from space 512K, 47% used [0x00000000d5f80000,0x00000000d5fbd6f0,0x00000000d6000000)
  to   space 1024K, 0% used [0x00000000d5e00000,0x00000000d5e00000,0x00000000d5f00000)
 ParOldGen       total 1223680K, used 959520K [0x0000000080000000, 0x00000000cab00000, 0x00000000d5580000)
  object space 1223680K, 78% used [0x0000000080000000,0x00000000ba908278,0x00000000cab00000)
 Metaspace       used 100160K, committed 101888K, reserved 1179648K
  class space    used 9943K, committed 10752K, reserved 1048576K
}
Event: 173434.422 GC heap after
{Heap after GC invocations=6450 (full 7):
 PSYoungGen      total 8192K, used 779K [0x00000000d5580000, 0x00000000d6000000, 0x0000000100000000)
  eden space 7168K, 0% used [0x00000000d5580000,0x00000000d5580000,0x00000000d5c80000)
  from space 1024K, 76% used [0x00000000d5e00000,0x00000000d5ec2df0,0x00000000d5f00000)
  to   space 1024K, 0% used [0x00000000d5f00000,0x00000000d5f00000,0x00000000d6000000)
 ParOldGen       total 1223680K, used 959568K [0x0000000080000000, 0x00000000cab00000, 0x00000000d5580000)
  object space 1223680K, 78% used [0x0000000080000000,0x00000000ba914278,0x00000000cab00000)
 Metaspace       used 100160K, committed 101888K, reserved 1179648K
  class space    used 9943K, committed 10752K, reserved 1048576K
}
Event: 173434.464 GC heap before
{Heap before GC invocations=6451 (full 7):
 PSYoungGen      total 8192K, used 7947K [0x00000000d5580000, 0x00000000d6000000, 0x0000000100000000)
  eden space 7168K, 100% used [0x00000000d5580000,0x00000000d5c80000,0x00000000d5c80000)
  from space 1024K, 76% used [0x00000000d5e00000,0x00000000d5ec2df0,0x00000000d5f00000)
  to   space 1024K, 0% used [0x00000000d5f00000,0x00000000d5f00000,0x00000000d6000000)
 ParOldGen       total 1223680K, used 959568K [0x0000000080000000, 0x00000000cab00000, 0x00000000d5580000)
  object space 1223680K, 78% used [0x0000000080000000,0x00000000ba914278,0x00000000cab00000)
 Metaspace       used 100161K, committed 101888K, reserved 1179648K
  class space    used 9943K, committed 10752K, reserved 1048576K
}
Event: 173434.550 GC heap after
{Heap after GC invocations=6451 (full 7):
 PSYoungGen      total 6656K, used 997K [0x00000000d5580000, 0x00000000d6600000, 0x0000000100000000)
  eden space 5632K, 0% used [0x00000000d5580000,0x00000000d5580000,0x00000000d5b00000)
  from space 1024K, 97% used [0x00000000d5f00000,0x00000000d5ff9700,0x00000000d6000000)
  to   space 4096K, 0% used [0x00000000d5b00000,0x00000000d5b00000,0x00000000d5f00000)
 ParOldGen       total 1223680K, used 961967K [0x0000000080000000, 0x00000000cab00000, 0x00000000d5580000)
  object space 1223680K, 78% used [0x0000000080000000,0x00000000bab6be00,0x00000000cab00000)
 Metaspace       used 100161K, committed 101888K, reserved 1179648K
  class space    used 9943K, committed 10752K, reserved 1048576K
}
Event: 173434.578 GC heap before
{Heap before GC invocations=6452 (full 7):
 PSYoungGen      total 6656K, used 5556K [0x00000000d5580000, 0x00000000d6600000, 0x0000000100000000)
  eden space 5632K, 80% used [0x00000000d5580000,0x00000000d59f3c30,0x00000000d5b00000)
  from space 1024K, 97% used [0x00000000d5f00000,0x00000000d5ff9700,0x00000000d6000000)
  to   space 4096K, 0% used [0x00000000d5b00000,0x00000000d5b00000,0x00000000d5f00000)
 ParOldGen       total 1223680K, used 961967K [0x0000000080000000, 0x00000000cab00000, 0x00000000d5580000)
  object space 1223680K, 78% used [0x0000000080000000,0x00000000bab6be00,0x00000000cab00000)
 Metaspace       used 100161K, committed 101888K, reserved 1179648K
  class space    used 9943K, committed 10752K, reserved 1048576K
}
Event: 173434.603 GC heap after
{Heap after GC invocations=6452 (full 7):
 PSYoungGen      total 9728K, used 1499K [0x00000000d5580000, 0x00000000d6180000, 0x0000000100000000)
  eden space 5632K, 0% used [0x00000000d5580000,0x00000000d5580000,0x00000000d5b00000)
  from space 4096K, 36% used [0x00000000d5b00000,0x00000000d5c76df0,0x00000000d5f00000)
  to   space 2560K, 0% used [0x00000000d5f00000,0x00000000d5f00000,0x00000000d6180000)
 ParOldGen       total 1223680K, used 962958K [0x0000000080000000, 0x00000000cab00000, 0x00000000d5580000)
  object space 1223680K, 78% used [0x0000000080000000,0x00000000bac63978,0x00000000cab00000)
 Metaspace       used 100161K, committed 101888K, reserved 1179648K
  class space    used 9943K, committed 10752K, reserved 1048576K
}
Event: 173434.613 GC heap before
{Heap before GC invocations=6453 (full 7):
 PSYoungGen      total 9728K, used 5983K [0x00000000d5580000, 0x00000000d6180000, 0x0000000100000000)
  eden space 5632K, 79% used [0x00000000d5580000,0x00000000d59e0e20,0x00000000d5b00000)
  from space 4096K, 36% used [0x00000000d5b00000,0x00000000d5c76df0,0x00000000d5f00000)
  to   space 2560K, 0% used [0x00000000d5f00000,0x00000000d5f00000,0x00000000d6180000)
 ParOldGen       total 1223680K, used 962958K [0x0000000080000000, 0x00000000cab00000, 0x00000000d5580000)
  object space 1223680K, 78% used [0x0000000080000000,0x00000000bac63978,0x00000000cab00000)
 Metaspace       used 100161K, committed 101888K, reserved 1179648K
  class space    used 9943K, committed 10752K, reserved 1048576K
}
Event: 173434.627 GC heap after
{Heap after GC invocations=6453 (full 7):
 PSYoungGen      total 8192K, used 864K [0x00000000d5580000, 0x00000000d6000000, 0x0000000100000000)
  eden space 7168K, 0% used [0x00000000d5580000,0x00000000d5580000,0x00000000d5c80000)
  from space 1024K, 84% used [0x00000000d5f00000,0x00000000d5fd8000,0x00000000d6000000)
  to   space 1536K, 0% used [0x00000000d5d00000,0x00000000d5d00000,0x00000000d5e80000)
 ParOldGen       total 1223680K, used 964373K [0x0000000080000000, 0x00000000cab00000, 0x00000000d5580000)
  object space 1223680K, 78% used [0x0000000080000000,0x00000000badc5490,0x00000000cab00000)
 Metaspace       used 100161K, committed 101888K, reserved 1179648K
  class space    used 9943K, committed 10752K, reserved 1048576K
}
Event: 173434.644 GC heap before
{Heap before GC invocations=6454 (full 7):
 PSYoungGen      total 8192K, used 8032K [0x00000000d5580000, 0x00000000d6000000, 0x0000000100000000)
  eden space 7168K, 100% used [0x00000000d5580000,0x00000000d5c80000,0x00000000d5c80000)
  from space 1024K, 84% used [0x00000000d5f00000,0x00000000d5fd8000,0x00000000d6000000)
  to   space 1536K, 0% used [0x00000000d5d00000,0x00000000d5d00000,0x00000000d5e80000)
 ParOldGen       total 1223680K, used 964373K [0x0000000080000000, 0x00000000cab00000, 0x00000000d5580000)
  object space 1223680K, 78% used [0x0000000080000000,0x00000000badc5490,0x00000000cab00000)
 Metaspace       used 100161K, committed 101888K, reserved 1179648K
  class space    used 9943K, committed 10752K, reserved 1048576K
}
Event: 173434.687 GC heap after
{Heap after GC invocations=6454 (full 7):
 PSYoungGen      total 9216K, used 755K [0x00000000d5580000, 0x00000000d6000000, 0x0000000100000000)
  eden space 7680K, 0% used [0x00000000d5580000,0x00000000d5580000,0x00000000d5d00000)
  from space 1536K, 49% used [0x00000000d5d00000,0x00000000d5dbcde0,0x00000000d5e80000)
  to   space 1024K, 0% used [0x00000000d5f00000,0x00000000d5f00000,0x00000000d6000000)
 ParOldGen       total 1223680K, used 968836K [0x0000000080000000, 0x00000000cab00000, 0x00000000d5580000)
  object space 1223680K, 79% used [0x0000000080000000,0x00000000bb2212f0,0x00000000cab00000)
 Metaspace       used 100161K, committed 101888K, reserved 1179648K
  class space    used 9943K, committed 10752K, reserved 1048576K
}

