# JRE version: OpenJDK Runtime Environment Temurin-21.0.9+10 (21.0.9+10) (build 21.0.9+10-LTS)
# Java VM: OpenJDK 64-Bit Server VM Temurin-21.0.9+10 (21.0.9+10-LTS, mixed mode, sharing, tiered, compressed oops, compressed class ptrs, parallel gc, windows-amd64)
GC Precious Log:
 CardTable entry size: 512
 CPUs: 8 total, 8 available
 Memory: 7959M
 Large Page Support: Disabled
 NUMA Support: Disabled
 Compressed Oops: Enabled (32-bit)
 Alignments: Space 512K, Generation 512K, Heap 2M
 Heap Min Capacity: 100M
 Heap Initial Capacity: 100M
 Heap Max Capacity: 2G
 Pre-touch: Disabled
 Parallel Workers: 8
Heap:
 PSYoungGen      total 4608K, used 437K [0x00000000d5580000, 0x00000000d5c00000, 0x0000000100000000)
  eden space 4096K, 4% used [0x00000000d5580000,0x00000000d55ad680,0x00000000d5980000)
  from space 512K, 50% used [0x00000000d5b00000,0x00000000d5b40000,0x00000000d5b80000)
  to   space 512K, 0% used [0x00000000d5b80000,0x00000000d5b80000,0x00000000d5c00000)
 ParOldGen       total 521216K, used 520724K [0x0000000080000000, 0x000000009fd00000, 0x00000000d5580000)
  object space 521216K, 99% used [0x0000000080000000,0x000000009fc850c0,0x000000009fd00000)
 Metaspace       used 84666K, committed 86528K, reserved 1179648K
  class space    used 8702K, committed 9536K, reserved 1048576K
GC Heap History (20 events):
Event: 954.511 GC heap before
{Heap before GC invocations=1836 (full 4):
 PSYoungGen      total 6144K, used 5716K [0x00000000d5580000, 0x00000000d5d80000, 0x0000000100000000)
  eden space 4096K, 100% used [0x00000000d5580000,0x00000000d5980000,0x00000000d5980000)
  from space 2048K, 79% used [0x00000000d5980000,0x00000000d5b150a8,0x00000000d5b80000)
  to   space 2048K, 0% used [0x00000000d5b80000,0x00000000d5b80000,0x00000000d5d80000)
 ParOldGen       total 518656K, used 518554K [0x0000000080000000, 0x000000009fa80000, 0x00000000d5580000)
  object space 518656K, 99% used [0x0000000080000000,0x000000009fa66978,0x000000009fa80000)
 Metaspace       used 81553K, committed 83328K, reserved 1179648K
  class space    used 8256K, committed 9024K, reserved 1048576K
}
Event: 954.516 GC heap after
{Heap after GC invocations=1836 (full 4):
 PSYoungGen      total 4608K, used 504K [0x00000000d5580000, 0x00000000d5c00000, 0x0000000100000000)
  eden space 4096K, 0% used [0x00000000d5580000,0x00000000d5580000,0x00000000d5980000)
  from space 512K, 98% used [0x00000000d5b80000,0x00000000d5bfe100,0x00000000d5c00000)
  to   space 1024K, 0% used [0x00000000d5a00000,0x00000000d5a00000,0x00000000d5b00000)
 ParOldGen       total 520192K, used 519700K [0x0000000080000000, 0x000000009fc00000, 0x00000000d5580000)
  object space 520192K, 99% used [0x0000000080000000,0x000000009fb853c8,0x000000009fc00000)
 Metaspace       used 81553K, committed 83328K, reserved 1179648K
  class space    used 8256K, committed 9024K, reserved 1048576K
}
Event: 955.890 GC heap before
{Heap before GC invocations=1837 (full 4):
 PSYoungGen      total 4608K, used 4600K [0x00000000d5580000, 0x00000000d5c00000, 0x0000000100000000)
  eden space 4096K, 100% used [0x00000000d5580000,0x00000000d5980000,0x00000000d5980000)
  from space 512K, 98% used [0x00000000d5b80000,0x00000000d5bfe100,0x00000000d5c00000)
  to   space 1024K, 0% used [0x00000000d5a00000,0x00000000d5a00000,0x00000000d5b00000)
 ParOldGen       total 520192K, used 519700K [0x0000000080000000, 0x000000009fc00000, 0x00000000d5580000)
  object space 520192K, 99% used [0x0000000080000000,0x000000009fb853c8,0x000000009fc00000)
 Metaspace       used 81583K, committed 83328K, reserved 1179648K
  class space    used 8259K, committed 9024K, reserved 1048576K
}
Event: 955.892 GC heap after
{Heap after GC invocations=1837 (full 4):
 PSYoungGen      total 5120K, used 325K [0x00000000d5580000, 0x00000000d5c00000, 0x0000000100000000)
  eden space 4096K, 0% used [0x00000000d5580000,0x00000000d5580000,0x00000000d5980000)
  from space 1024K, 31% used [0x00000000d5a00000,0x00000000d5a516e0,0x00000000d5b00000)
  to   space 512K, 0% used [0x00000000d5b80000,0x00000000d5b80000,0x00000000d5c00000)
 ParOldGen       total 520192K, used 519732K [0x0000000080000000, 0x000000009fc00000, 0x00000000d5580000)
  object space 520192K, 99% used [0x0000000080000000,0x000000009fb8d3c8,0x000000009fc00000)
 Metaspace       used 81583K, committed 83328K, reserved 1179648K
  class space    used 8259K, committed 9024K, reserved 1048576K
}
Event: 955.986 GC heap before
{Heap before GC invocations=1838 (full 4):
 PSYoungGen      total 5120K, used 4421K [0x00000000d5580000, 0x00000000d5c00000, 0x0000000100000000)
  eden space 4096K, 100% used [0x00000000d5580000,0x00000000d5980000,0x00000000d5980000)
  from space 1024K, 31% used [0x00000000d5a00000,0x00000000d5a516e0,0x00000000d5b00000)
  to   space 512K, 0% used [0x00000000d5b80000,0x00000000d5b80000,0x00000000d5c00000)
 ParOldGen       total 520192K, used 519732K [0x0000000080000000, 0x000000009fc00000, 0x00000000d5580000)
  object space 520192K, 99% used [0x0000000080000000,0x000000009fb8d3c8,0x000000009fc00000)
 Metaspace       used 81674K, committed 83392K, reserved 1179648K
  class space    used 8274K, committed 9024K, reserved 1048576K
}
Event: 955.989 GC heap after
{Heap after GC invocations=1838 (full 4):
 PSYoungGen      total 4608K, used 160K [0x00000000d5580000, 0x00000000d5c00000, 0x0000000100000000)
  eden space 4096K, 0% used [0x00000000d5580000,0x00000000d5580000,0x00000000d5980000)
  from space 512K, 31% used [0x00000000d5b80000,0x00000000d5ba8000,0x00000000d5c00000)
  to   space 512K, 0% used [0x00000000d5b00000,0x00000000d5b00000,0x00000000d5b80000)
 ParOldGen       total 520192K, used 519850K [0x0000000080000000, 0x000000009fc00000, 0x00000000d5580000)
  object space 520192K, 99% used [0x0000000080000000,0x000000009fbaaaa8,0x000000009fc00000)
 Metaspace       used 81674K, committed 83392K, reserved 1179648K
  class space    used 8274K, committed 9024K, reserved 1048576K
}
Event: 956.184 GC heap before
{Heap before GC invocations=1839 (full 4):
 PSYoungGen      total 4608K, used 4256K [0x00000000d5580000, 0x00000000d5c00000, 0x0000000100000000)
  eden space 4096K, 100% used [0x00000000d5580000,0x00000000d5980000,0x00000000d5980000)
  from space 512K, 31% used [0x00000000d5b80000,0x00000000d5ba8000,0x00000000d5c00000)
  to   space 512K, 0% used [0x00000000d5b00000,0x00000000d5b00000,0x00000000d5b80000)
 ParOldGen       total 520192K, used 519850K [0x0000000080000000, 0x000000009fc00000, 0x00000000d5580000)
  object space 520192K, 99% used [0x0000000080000000,0x000000009fbaaaa8,0x000000009fc00000)
 Metaspace       used 82098K, committed 83840K, reserved 1179648K
  class space    used 8334K, committed 9088K, reserved 1048576K
}
Event: 956.187 GC heap after
{Heap after GC invocations=1839 (full 4):
 PSYoungGen      total 4608K, used 417K [0x00000000d5580000, 0x00000000d5c00000, 0x0000000100000000)
  eden space 4096K, 0% used [0x00000000d5580000,0x00000000d5580000,0x00000000d5980000)
  from space 512K, 81% used [0x00000000d5b00000,0x00000000d5b685d8,0x00000000d5b80000)
  to   space 512K, 0% used [0x00000000d5b80000,0x00000000d5b80000,0x00000000d5c00000)
 ParOldGen       total 520192K, used 519946K [0x0000000080000000, 0x000000009fc00000, 0x00000000d5580000)
  object space 520192K, 99% used [0x0000000080000000,0x000000009fbc2aa8,0x000000009fc00000)
 Metaspace       used 82098K, committed 83840K, reserved 1179648K
  class space    used 8334K, committed 9088K, reserved 1048576K
}
Event: 956.261 GC heap before
{Heap before GC invocations=1840 (full 4):
 PSYoungGen      total 4608K, used 4513K [0x00000000d5580000, 0x00000000d5c00000, 0x0000000100000000)
  eden space 4096K, 100% used [0x00000000d5580000,0x00000000d5980000,0x00000000d5980000)
  from space 512K, 81% used [0x00000000d5b00000,0x00000000d5b685d8,0x00000000d5b80000)
  to   space 512K, 0% used [0x00000000d5b80000,0x00000000d5b80000,0x00000000d5c00000)
 ParOldGen       total 520192K, used 519946K [0x0000000080000000, 0x000000009fc00000, 0x00000000d5580000)
  object space 520192K, 99% used [0x0000000080000000,0x000000009fbc2aa8,0x000000009fc00000)
 Metaspace       used 82582K, committed 84288K, reserved 1179648K
  class space    used 8390K, committed 9152K, reserved 1048576K
}
Event: 956.265 GC heap after
{Heap after GC invocations=1840 (full 4):
 PSYoungGen      total 4608K, used 224K [0x00000000d5580000, 0x00000000d5c00000, 0x0000000100000000)
  eden space 4096K, 0% used [0x00000000d5580000,0x00000000d5580000,0x00000000d5980000)
  from space 512K, 43% used [0x00000000d5b80000,0x00000000d5bb8000,0x00000000d5c00000)
  to   space 512K, 0% used [0x00000000d5b00000,0x00000000d5b00000,0x00000000d5b80000)
 ParOldGen       total 520704K, used 520204K [0x0000000080000000, 0x000000009fc80000, 0x00000000d5580000)
  object space 520704K, 99% used [0x0000000080000000,0x000000009fc03080,0x000000009fc80000)
 Metaspace       used 82582K, committed 84288K, reserved 1179648K
  class space    used 8390K, committed 9152K, reserved 1048576K
}
Event: 956.335 GC heap before
{Heap before GC invocations=1841 (full 4):
 PSYoungGen      total 4608K, used 4320K [0x00000000d5580000, 0x00000000d5c00000, 0x0000000100000000)
  eden space 4096K, 100% used [0x00000000d5580000,0x00000000d5980000,0x00000000d5980000)
  from space 512K, 43% used [0x00000000d5b80000,0x00000000d5bb8000,0x00000000d5c00000)
  to   space 512K, 0% used [0x00000000d5b00000,0x00000000d5b00000,0x00000000d5b80000)
 ParOldGen       total 520704K, used 520204K [0x0000000080000000, 0x000000009fc80000, 0x00000000d5580000)
  object space 520704K, 99% used [0x0000000080000000,0x000000009fc03080,0x000000009fc80000)
 Metaspace       used 83156K, committed 84864K, reserved 1179648K
  class space    used 8453K, committed 9216K, reserved 1048576K
}
Event: 956.336 GC heap after
{Heap after GC invocations=1841 (full 4):
 PSYoungGen      total 4608K, used 272K [0x00000000d5580000, 0x00000000d5c00000, 0x0000000100000000)
  eden space 4096K, 0% used [0x00000000d5580000,0x00000000d5580000,0x00000000d5980000)
  from space 512K, 53% used [0x00000000d5b00000,0x00000000d5b44010,0x00000000d5b80000)
  to   space 512K, 0% used [0x00000000d5b80000,0x00000000d5b80000,0x00000000d5c00000)
 ParOldGen       total 520704K, used 520276K [0x0000000080000000, 0x000000009fc80000, 0x00000000d5580000)
  object space 520704K, 99% used [0x0000000080000000,0x000000009fc15080,0x000000009fc80000)
 Metaspace       used 83156K, committed 84864K, reserved 1179648K
  class space    used 8453K, committed 9216K, reserved 1048576K
}
Event: 956.408 GC heap before
{Heap before GC invocations=1842 (full 4):
 PSYoungGen      total 4608K, used 4368K [0x00000000d5580000, 0x00000000d5c00000, 0x0000000100000000)
  eden space 4096K, 100% used [0x00000000d5580000,0x00000000d5980000,0x00000000d5980000)
  from space 512K, 53% used [0x00000000d5b00000,0x00000000d5b44010,0x00000000d5b80000)
  to   space 512K, 0% used [0x00000000d5b80000,0x00000000d5b80000,0x00000000d5c00000)
 ParOldGen       total 520704K, used 520276K [0x0000000080000000, 0x000000009fc80000, 0x00000000d5580000)
  object space 520704K, 99% used [0x0000000080000000,0x000000009fc15080,0x000000009fc80000)
 Metaspace       used 83459K, committed 85184K, reserved 1179648K
  class space    used 8533K, committed 9280K, reserved 1048576K
}
Event: 956.410 GC heap after
{Heap after GC invocations=1842 (full 4):
 PSYoungGen      total 4608K, used 224K [0x00000000d5580000, 0x00000000d5c00000, 0x0000000100000000)
  eden space 4096K, 0% used [0x00000000d5580000,0x00000000d5580000,0x00000000d5980000)
  from space 512K, 43% used [0x00000000d5b80000,0x00000000d5bb8000,0x00000000d5c00000)
  to   space 512K, 0% used [0x00000000d5b00000,0x00000000d5b00000,0x00000000d5b80000)
 ParOldGen       total 520704K, used 520388K [0x0000000080000000, 0x000000009fc80000, 0x00000000d5580000)
  object space 520704K, 99% used [0x0000000080000000,0x000000009fc310b0,0x000000009fc80000)
 Metaspace       used 83459K, committed 85184K, reserved 1179648K
  class space    used 8533K, committed 9280K, reserved 1048576K
}
Event: 956.491 GC heap before
{Heap before GC invocations=1843 (full 4):
 PSYoungGen      total 4608K, used 4320K [0x00000000d5580000, 0x00000000d5c00000, 0x0000000100000000)
  eden space 4096K, 100% used [0x00000000d5580000,0x00000000d5980000,0x00000000d5980000)
  from space 512K, 43% used [0x00000000d5b80000,0x00000000d5bb8000,0x00000000d5c00000)
  to   space 512K, 0% used [0x00000000d5b00000,0x00000000d5b00000,0x00000000d5b80000)
 ParOldGen       total 520704K, used 520388K [0x0000000080000000, 0x000000009fc80000, 0x00000000d5580000)
  object space 520704K, 99% used [0x0000000080000000,0x000000009fc310b0,0x000000009fc80000)
 Metaspace       used 83860K, committed 85632K, reserved 1179648K
  class space    used 8614K, committed 9408K, reserved 1048576K
}
Event: 956.493 GC heap after
{Heap after GC invocations=1843 (full 4):
 PSYoungGen      total 4608K, used 192K [0x00000000d5580000, 0x00000000d5c00000, 0x0000000100000000)
  eden space 4096K, 0% used [0x00000000d5580000,0x00000000d5580000,0x00000000d5980000)
  from space 512K, 37% used [0x00000000d5b00000,0x00000000d5b30000,0x00000000d5b80000)
  to   space 512K, 0% used [0x00000000d5b80000,0x00000000d5b80000,0x00000000d5c00000)
 ParOldGen       total 520704K, used 520468K [0x0000000080000000, 0x000000009fc80000, 0x00000000d5580000)
  object space 520704K, 99% used [0x0000000080000000,0x000000009fc450b0,0x000000009fc80000)
 Metaspace       used 83860K, committed 85632K, reserved 1179648K
  class space    used 8614K, committed 9408K, reserved 1048576K
}
Event: 957.554 GC heap before
{Heap before GC invocations=1844 (full 4):
 PSYoungGen      total 4608K, used 4288K [0x00000000d5580000, 0x00000000d5c00000, 0x0000000100000000)
  eden space 4096K, 100% used [0x00000000d5580000,0x00000000d5980000,0x00000000d5980000)
  from space 512K, 37% used [0x00000000d5b00000,0x00000000d5b30000,0x00000000d5b80000)
  to   space 512K, 0% used [0x00000000d5b80000,0x00000000d5b80000,0x00000000d5c00000)
 ParOldGen       total 520704K, used 520468K [0x0000000080000000, 0x000000009fc80000, 0x00000000d5580000)
  object space 520704K, 99% used [0x0000000080000000,0x000000009fc450b0,0x000000009fc80000)
 Metaspace       used 84413K, committed 86208K, reserved 1179648K
  class space    used 8678K, committed 9472K, reserved 1048576K
}
Event: 957.557 GC heap after
{Heap after GC invocations=1844 (full 4):
 PSYoungGen      total 4608K, used 256K [0x00000000d5580000, 0x00000000d5c00000, 0x0000000100000000)
  eden space 4096K, 0% used [0x00000000d5580000,0x00000000d5580000,0x00000000d5980000)
  from space 512K, 50% used [0x00000000d5b80000,0x00000000d5bc0000,0x00000000d5c00000)
  to   space 512K, 0% used [0x00000000d5b00000,0x00000000d5b00000,0x00000000d5b80000)
 ParOldGen       total 520704K, used 520556K [0x0000000080000000, 0x000000009fc80000, 0x00000000d5580000)
  object space 520704K, 99% used [0x0000000080000000,0x000000009fc5b0b0,0x000000009fc80000)
 Metaspace       used 84413K, committed 86208K, reserved 1179648K
  class space    used 8678K, committed 9472K, reserved 1048576K
}
Event: 979.597 GC heap before
{Heap before GC invocations=1845 (full 4):
 PSYoungGen      total 4608K, used 4352K [0x00000000d5580000, 0x00000000d5c00000, 0x0000000100000000)
  eden space 4096K, 100% used [0x00000000d5580000,0x00000000d5980000,0x00000000d5980000)
  from space 512K, 50% used [0x00000000d5b80000,0x00000000d5bc0000,0x00000000d5c00000)
  to   space 512K, 0% used [0x00000000d5b00000,0x00000000d5b00000,0x00000000d5b80000)
 ParOldGen       total 520704K, used 520556K [0x0000000080000000, 0x000000009fc80000, 0x00000000d5580000)
  object space 520704K, 99% used [0x0000000080000000,0x000000009fc5b0b0,0x000000009fc80000)
 Metaspace       used 84662K, committed 86528K, reserved 1179648K
  class space    used 8702K, committed 9536K, reserved 1048576K
}
Event: 979.600 GC heap after
{Heap after GC invocations=1845 (full 4):
 PSYoungGen      total 4608K, used 256K [0x00000000d5580000, 0x00000000d5c00000, 0x0000000100000000)
  eden space 4096K, 0% used [0x00000000d5580000,0x00000000d5580000,0x00000000d5980000)
  from space 512K, 50% used [0x00000000d5b00000,0x00000000d5b40000,0x00000000d5b80000)
  to   space 512K, 0% used [0x00000000d5b80000,0x00000000d5b80000,0x00000000d5c00000)
 ParOldGen       total 521216K, used 520724K [0x0000000080000000, 0x000000009fd00000, 0x00000000d5580000)
  object space 521216K, 99% used [0x0000000080000000,0x000000009fc850c0,0x000000009fd00000)
 Metaspace       used 84662K, committed 86528K, reserved 1179648K
  class space    used 8702K, committed 9536K, reserved 1048576K
}

