# JRE version: OpenJDK Runtime Environment Temurin-21.0.9+10 (21.0.9+10) (build 21.0.9+10-LTS)
# Java VM: OpenJDK 64-Bit Server VM Temurin-21.0.9+10 (21.0.9+10-LTS, mixed mode, sharing, tiered, compressed oops, compressed class ptrs, parallel gc, windows-amd64)
GC Precious Log:
 CardTable entry size: 512
 CPUs: 8 total, 8 available
 Memory: 7959M
 Large Page Support: Disabled
 NUMA Support: Disabled
 Compressed Oops: Enabled (32-bit)
 Alignments: Space 512K, Generation 512K, Heap 2M
 Heap Min Capacity: 100M
 Heap Initial Capacity: 100M
 Heap Max Capacity: 2G
 Pre-touch: Disabled
 Parallel Workers: 8
Heap:
 PSYoungGen      total 2048K, used 1844K [0x00000000d5580000, 0x00000000d5900000, 0x0000000100000000)
  eden space 1536K, 99% used [0x00000000d5580000,0x00000000d56fd0f8,0x00000000d5700000)
  from space 512K, 62% used [0x00000000d5880000,0x00000000d58d0020,0x00000000d5900000)
  to   space 512K, 0% used [0x00000000d5800000,0x00000000d5800000,0x00000000d5880000)
 ParOldGen       total 153600K, used 153254K [0x0000000080000000, 0x0000000089600000, 0x00000000d5580000)
  object space 153600K, 99% used [0x0000000080000000,0x00000000895a9a38,0x0000000089600000)
 Metaspace       used 73174K, committed 74624K, reserved 1179648K
  class space    used 7561K, committed 8192K, reserved 1048576K
GC Heap History (20 events):
Event: 333.953 GC heap before
{Heap before GC invocations=144 (full 3):
 PSYoungGen      total 2560K, used 2533K [0x00000000d5580000, 0x00000000d5980000, 0x0000000100000000)
  eden space 2048K, 100% used [0x00000000d5580000,0x00000000d5780000,0x00000000d5780000)
  from space 512K, 94% used [0x00000000d5880000,0x00000000d58f96f0,0x00000000d5900000)
  to   space 1024K, 0% used [0x00000000d5780000,0x00000000d5780000,0x00000000d5880000)
 ParOldGen       total 150016K, used 148918K [0x0000000080000000, 0x0000000089280000, 0x00000000d5580000)
  object space 150016K, 99% used [0x0000000080000000,0x000000008916d820,0x0000000089280000)
 Metaspace       used 72857K, committed 74368K, reserved 1179648K
  class space    used 7533K, committed 8192K, reserved 1048576K
}
Event: 333.955 GC heap after
{Heap after GC invocations=144 (full 3):
 PSYoungGen      total 3072K, used 832K [0x00000000d5580000, 0x00000000d5980000, 0x0000000100000000)
  eden space 2048K, 0% used [0x00000000d5580000,0x00000000d5580000,0x00000000d5780000)
  from space 1024K, 81% used [0x00000000d5780000,0x00000000d5850000,0x00000000d5880000)
  to   space 1024K, 0% used [0x00000000d5880000,0x00000000d5880000,0x00000000d5980000)
 ParOldGen       total 150016K, used 149420K [0x0000000080000000, 0x0000000089280000, 0x00000000d5580000)
  object space 150016K, 99% used [0x0000000080000000,0x00000000891eb388,0x0000000089280000)
 Metaspace       used 72857K, committed 74368K, reserved 1179648K
  class space    used 7533K, committed 8192K, reserved 1048576K
}
Event: 333.980 GC heap before
{Heap before GC invocations=145 (full 3):
 PSYoungGen      total 3072K, used 2880K [0x00000000d5580000, 0x00000000d5980000, 0x0000000100000000)
  eden space 2048K, 100% used [0x00000000d5580000,0x00000000d5780000,0x00000000d5780000)
  from space 1024K, 81% used [0x00000000d5780000,0x00000000d5850000,0x00000000d5880000)
  to   space 1024K, 0% used [0x00000000d5880000,0x00000000d5880000,0x00000000d5980000)
 ParOldGen       total 150016K, used 149420K [0x0000000080000000, 0x0000000089280000, 0x00000000d5580000)
  object space 150016K, 99% used [0x0000000080000000,0x00000000891eb388,0x0000000089280000)
 Metaspace       used 72867K, committed 74368K, reserved 1179648K
  class space    used 7533K, committed 8192K, reserved 1048576K
}
Event: 333.981 GC heap after
{Heap after GC invocations=145 (full 3):
 PSYoungGen      total 3072K, used 853K [0x00000000d5580000, 0x00000000d5980000, 0x0000000100000000)
  eden space 2048K, 0% used [0x00000000d5580000,0x00000000d5580000,0x00000000d5780000)
  from space 1024K, 83% used [0x00000000d5880000,0x00000000d5955710,0x00000000d5980000)
  to   space 1024K, 0% used [0x00000000d5780000,0x00000000d5780000,0x00000000d5880000)
 ParOldGen       total 150528K, used 150092K [0x0000000080000000, 0x0000000089300000, 0x00000000d5580000)
  object space 150528K, 99% used [0x0000000080000000,0x0000000089293388,0x0000000089300000)
 Metaspace       used 72867K, committed 74368K, reserved 1179648K
  class space    used 7533K, committed 8192K, reserved 1048576K
}
Event: 334.030 GC heap before
{Heap before GC invocations=146 (full 3):
 PSYoungGen      total 3072K, used 2901K [0x00000000d5580000, 0x00000000d5980000, 0x0000000100000000)
  eden space 2048K, 100% used [0x00000000d5580000,0x00000000d5780000,0x00000000d5780000)
  from space 1024K, 83% used [0x00000000d5880000,0x00000000d5955710,0x00000000d5980000)
  to   space 1024K, 0% used [0x00000000d5780000,0x00000000d5780000,0x00000000d5880000)
 ParOldGen       total 150528K, used 150092K [0x0000000080000000, 0x0000000089300000, 0x00000000d5580000)
  object space 150528K, 99% used [0x0000000080000000,0x0000000089293388,0x0000000089300000)
 Metaspace       used 72873K, committed 74432K, reserved 1179648K
  class space    used 7533K, committed 8192K, reserved 1048576K
}
Event: 334.032 GC heap after
{Heap after GC invocations=146 (full 3):
 PSYoungGen      total 3072K, used 832K [0x00000000d5580000, 0x00000000d5980000, 0x0000000100000000)
  eden space 2048K, 0% used [0x00000000d5580000,0x00000000d5580000,0x00000000d5780000)
  from space 1024K, 81% used [0x00000000d5780000,0x00000000d5850000,0x00000000d5880000)
  to   space 1024K, 0% used [0x00000000d5880000,0x00000000d5880000,0x00000000d5980000)
 ParOldGen       total 151040K, used 150869K [0x0000000080000000, 0x0000000089380000, 0x00000000d5580000)
  object space 151040K, 99% used [0x0000000080000000,0x00000000893557b0,0x0000000089380000)
 Metaspace       used 72873K, committed 74432K, reserved 1179648K
  class space    used 7533K, committed 8192K, reserved 1048576K
}
Event: 334.053 GC heap before
{Heap before GC invocations=147 (full 3):
 PSYoungGen      total 3072K, used 2880K [0x00000000d5580000, 0x00000000d5980000, 0x0000000100000000)
  eden space 2048K, 100% used [0x00000000d5580000,0x00000000d5780000,0x00000000d5780000)
  from space 1024K, 81% used [0x00000000d5780000,0x00000000d5850000,0x00000000d5880000)
  to   space 1024K, 0% used [0x00000000d5880000,0x00000000d5880000,0x00000000d5980000)
 ParOldGen       total 151040K, used 150869K [0x0000000080000000, 0x0000000089380000, 0x00000000d5580000)
  object space 151040K, 99% used [0x0000000080000000,0x00000000893557b0,0x0000000089380000)
 Metaspace       used 72875K, committed 74432K, reserved 1179648K
  class space    used 7533K, committed 8192K, reserved 1048576K
}
Event: 334.056 GC heap after
{Heap after GC invocations=147 (full 3):
 PSYoungGen      total 3072K, used 968K [0x00000000d5580000, 0x00000000d5980000, 0x0000000100000000)
  eden space 2048K, 0% used [0x00000000d5580000,0x00000000d5580000,0x00000000d5780000)
  from space 1024K, 94% used [0x00000000d5880000,0x00000000d5972170,0x00000000d5980000)
  to   space 1024K, 0% used [0x00000000d5780000,0x00000000d5780000,0x00000000d5880000)
 ParOldGen       total 151552K, used 151537K [0x0000000080000000, 0x0000000089400000, 0x00000000d5580000)
  object space 151552K, 99% used [0x0000000080000000,0x00000000893fc6a0,0x0000000089400000)
 Metaspace       used 72875K, committed 74432K, reserved 1179648K
  class space    used 7533K, committed 8192K, reserved 1048576K
}
Event: 334.098 GC heap before
{Heap before GC invocations=148 (full 3):
 PSYoungGen      total 3072K, used 3016K [0x00000000d5580000, 0x00000000d5980000, 0x0000000100000000)
  eden space 2048K, 100% used [0x00000000d5580000,0x00000000d5780000,0x00000000d5780000)
  from space 1024K, 94% used [0x00000000d5880000,0x00000000d5972170,0x00000000d5980000)
  to   space 1024K, 0% used [0x00000000d5780000,0x00000000d5780000,0x00000000d5880000)
 ParOldGen       total 151552K, used 151537K [0x0000000080000000, 0x0000000089400000, 0x00000000d5580000)
  object space 151552K, 99% used [0x0000000080000000,0x00000000893fc6a0,0x0000000089400000)
 Metaspace       used 72883K, committed 74432K, reserved 1179648K
  class space    used 7533K, committed 8192K, reserved 1048576K
}
Event: 334.101 GC heap after
{Heap after GC invocations=148 (full 3):
 PSYoungGen      total 3072K, used 704K [0x00000000d5580000, 0x00000000d5980000, 0x0000000100000000)
  eden space 2048K, 0% used [0x00000000d5580000,0x00000000d5580000,0x00000000d5780000)
  from space 1024K, 68% used [0x00000000d5780000,0x00000000d5830000,0x00000000d5880000)
  to   space 1024K, 0% used [0x00000000d5880000,0x00000000d5880000,0x00000000d5980000)
 ParOldGen       total 152576K, used 152319K [0x0000000080000000, 0x0000000089500000, 0x00000000d5580000)
  object space 152576K, 99% used [0x0000000080000000,0x00000000894bffa8,0x0000000089500000)
 Metaspace       used 72883K, committed 74432K, reserved 1179648K
  class space    used 7533K, committed 8192K, reserved 1048576K
}
Event: 334.121 GC heap before
{Heap before GC invocations=149 (full 3):
 PSYoungGen      total 3072K, used 2752K [0x00000000d5580000, 0x00000000d5980000, 0x0000000100000000)
  eden space 2048K, 100% used [0x00000000d5580000,0x00000000d5780000,0x00000000d5780000)
  from space 1024K, 68% used [0x00000000d5780000,0x00000000d5830000,0x00000000d5880000)
  to   space 1024K, 0% used [0x00000000d5880000,0x00000000d5880000,0x00000000d5980000)
 ParOldGen       total 152576K, used 152319K [0x0000000080000000, 0x0000000089500000, 0x00000000d5580000)
  object space 152576K, 99% used [0x0000000080000000,0x00000000894bffa8,0x0000000089500000)
 Metaspace       used 72886K, committed 74432K, reserved 1179648K
  class space    used 7533K, committed 8192K, reserved 1048576K
}
Event: 334.124 GC heap after
{Heap after GC invocations=149 (full 3):
 PSYoungGen      total 2560K, used 994K [0x00000000d5580000, 0x00000000d5a80000, 0x0000000100000000)
  eden space 1536K, 0% used [0x00000000d5580000,0x00000000d5580000,0x00000000d5700000)
  from space 1024K, 97% used [0x00000000d5880000,0x00000000d5978a90,0x00000000d5980000)
  to   space 1536K, 0% used [0x00000000d5700000,0x00000000d5700000,0x00000000d5880000)
 ParOldGen       total 153088K, used 152902K [0x0000000080000000, 0x0000000089580000, 0x00000000d5580000)
  object space 153088K, 99% used [0x0000000080000000,0x00000000895519b8,0x0000000089580000)
 Metaspace       used 72886K, committed 74432K, reserved 1179648K
  class space    used 7533K, committed 8192K, reserved 1048576K
}
Event: 334.150 GC heap before
{Heap before GC invocations=150 (full 3):
 PSYoungGen      total 2560K, used 2530K [0x00000000d5580000, 0x00000000d5a80000, 0x0000000100000000)
  eden space 1536K, 100% used [0x00000000d5580000,0x00000000d5700000,0x00000000d5700000)
  from space 1024K, 97% used [0x00000000d5880000,0x00000000d5978a90,0x00000000d5980000)
  to   space 1536K, 0% used [0x00000000d5700000,0x00000000d5700000,0x00000000d5880000)
 ParOldGen       total 153088K, used 152902K [0x0000000080000000, 0x0000000089580000, 0x00000000d5580000)
  object space 153088K, 99% used [0x0000000080000000,0x00000000895519b8,0x0000000089580000)
 Metaspace       used 72899K, committed 74432K, reserved 1179648K
  class space    used 7533K, committed 8192K, reserved 1048576K
}
Event: 334.152 GC heap after
{Heap after GC invocations=150 (full 3):
 PSYoungGen      total 3072K, used 128K [0x00000000d5580000, 0x00000000d5900000, 0x0000000100000000)
  eden space 1536K, 0% used [0x00000000d5580000,0x00000000d5580000,0x00000000d5700000)
  from space 1536K, 8% used [0x00000000d5700000,0x00000000d5720000,0x00000000d5880000)
  to   space 512K, 0% used [0x00000000d5880000,0x00000000d5880000,0x00000000d5900000)
 ParOldGen       total 153088K, used 152950K [0x0000000080000000, 0x0000000089580000, 0x00000000d5580000)
  object space 153088K, 99% used [0x0000000080000000,0x000000008955d9b8,0x0000000089580000)
 Metaspace       used 72899K, committed 74432K, reserved 1179648K
  class space    used 7533K, committed 8192K, reserved 1048576K
}
Event: 335.747 GC heap before
{Heap before GC invocations=151 (full 3):
 PSYoungGen      total 3072K, used 1664K [0x00000000d5580000, 0x00000000d5900000, 0x0000000100000000)
  eden space 1536K, 100% used [0x00000000d5580000,0x00000000d5700000,0x00000000d5700000)
  from space 1536K, 8% used [0x00000000d5700000,0x00000000d5720000,0x00000000d5880000)
  to   space 512K, 0% used [0x00000000d5880000,0x00000000d5880000,0x00000000d5900000)
 ParOldGen       total 153088K, used 152950K [0x0000000080000000, 0x0000000089580000, 0x00000000d5580000)
  object space 153088K, 99% used [0x0000000080000000,0x000000008955d9b8,0x0000000089580000)
 Metaspace       used 72928K, committed 74432K, reserved 1179648K
  class space    used 7534K, committed 8192K, reserved 1048576K
}
Event: 335.748 GC heap after
{Heap after GC invocations=151 (full 3):
 PSYoungGen      total 2048K, used 272K [0x00000000d5580000, 0x00000000d5900000, 0x0000000100000000)
  eden space 1536K, 0% used [0x00000000d5580000,0x00000000d5580000,0x00000000d5700000)
  from space 512K, 53% used [0x00000000d5880000,0x00000000d58c4030,0x00000000d5900000)
  to   space 512K, 0% used [0x00000000d5800000,0x00000000d5800000,0x00000000d5880000)
 ParOldGen       total 153088K, used 152966K [0x0000000080000000, 0x0000000089580000, 0x00000000d5580000)
  object space 153088K, 99% used [0x0000000080000000,0x00000000895619b8,0x0000000089580000)
 Metaspace       used 72928K, committed 74432K, reserved 1179648K
  class space    used 7534K, committed 8192K, reserved 1048576K
}
Event: 335.913 GC heap before
{Heap before GC invocations=152 (full 3):
 PSYoungGen      total 2048K, used 1800K [0x00000000d5580000, 0x00000000d5900000, 0x0000000100000000)
  eden space 1536K, 99% used [0x00000000d5580000,0x00000000d56fe278,0x00000000d5700000)
  from space 512K, 53% used [0x00000000d5880000,0x00000000d58c4030,0x00000000d5900000)
  to   space 512K, 0% used [0x00000000d5800000,0x00000000d5800000,0x00000000d5880000)
 ParOldGen       total 153088K, used 152966K [0x0000000080000000, 0x0000000089580000, 0x00000000d5580000)
  object space 153088K, 99% used [0x0000000080000000,0x00000000895619b8,0x0000000089580000)
 Metaspace       used 73134K, committed 74624K, reserved 1179648K
  class space    used 7560K, committed 8192K, reserved 1048576K
}
Event: 335.915 GC heap after
{Heap after GC invocations=152 (full 3):
 PSYoungGen      total 2048K, used 256K [0x00000000d5580000, 0x00000000d5900000, 0x0000000100000000)
  eden space 1536K, 0% used [0x00000000d5580000,0x00000000d5580000,0x00000000d5700000)
  from space 512K, 50% used [0x00000000d5800000,0x00000000d5840000,0x00000000d5880000)
  to   space 512K, 0% used [0x00000000d5880000,0x00000000d5880000,0x00000000d5900000)
 ParOldGen       total 153600K, used 153190K [0x0000000080000000, 0x0000000089600000, 0x00000000d5580000)
  object space 153600K, 99% used [0x0000000080000000,0x0000000089599a38,0x0000000089600000)
 Metaspace       used 73134K, committed 74624K, reserved 1179648K
  class space    used 7560K, committed 8192K, reserved 1048576K
}
Event: 436.183 GC heap before
{Heap before GC invocations=153 (full 3):
 PSYoungGen      total 2048K, used 1791K [0x00000000d5580000, 0x00000000d5900000, 0x0000000100000000)
  eden space 1536K, 99% used [0x00000000d5580000,0x00000000d56fffd8,0x00000000d5700000)
  from space 512K, 50% used [0x00000000d5800000,0x00000000d5840000,0x00000000d5880000)
  to   space 512K, 0% used [0x00000000d5880000,0x00000000d5880000,0x00000000d5900000)
 ParOldGen       total 153600K, used 153190K [0x0000000080000000, 0x0000000089600000, 0x00000000d5580000)
  object space 153600K, 99% used [0x0000000080000000,0x0000000089599a38,0x0000000089600000)
 Metaspace       used 73160K, committed 74624K, reserved 1179648K
  class space    used 7561K, committed 8192K, reserved 1048576K
}
Event: 436.265 GC heap after
{Heap after GC invocations=153 (full 3):
 PSYoungGen      total 2048K, used 320K [0x00000000d5580000, 0x00000000d5900000, 0x0000000100000000)
  eden space 1536K, 0% used [0x00000000d5580000,0x00000000d5580000,0x00000000d5700000)
  from space 512K, 62% used [0x00000000d5880000,0x00000000d58d0020,0x00000000d5900000)
  to   space 512K, 0% used [0x00000000d5800000,0x00000000d5800000,0x00000000d5880000)
 ParOldGen       total 153600K, used 153254K [0x0000000080000000, 0x0000000089600000, 0x00000000d5580000)
  object space 153600K, 99% used [0x0000000080000000,0x00000000895a9a38,0x0000000089600000)
 Metaspace       used 73160K, committed 74624K, reserved 1179648K
  class space    used 7561K, committed 8192K, reserved 1048576K
}

