# JRE version: OpenJDK Runtime Environment Temurin-21.0.9+10 (21.0.9+10) (build 21.0.9+10-LTS)
# Java VM: OpenJDK 64-Bit Server VM Temurin-21.0.9+10 (21.0.9+10-LTS, mixed mode, sharing, tiered, compressed oops, compressed class ptrs, parallel gc, windows-amd64)
GC Precious Log:
 CardTable entry size: 512
 CPUs: 8 total, 8 available
 Memory: 7959M
 Large Page Support: Disabled
 NUMA Support: Disabled
 Compressed Oops: Enabled (32-bit)
 Alignments: Space 512K, Generation 512K, Heap 2M
 Heap Min Capacity: 100M
 Heap Initial Capacity: 100M
 Heap Max Capacity: 2G
 Pre-touch: Disabled
 Parallel Workers: 8
Heap:
 PSYoungGen      total 13824K, used 5386K [0x00000000d5580000, 0x00000000d6680000, 0x0000000100000000)
  eden space 12800K, 34% used [0x00000000d5580000,0x00000000d59c63e0,0x00000000d6200000)
  from space 1024K, 98% used [0x00000000d6500000,0x00000000d65fc460,0x00000000d6600000)
  to   space 512K, 0% used [0x00000000d6600000,0x00000000d6600000,0x00000000d6680000)
 ParOldGen       total 70656K, used 70410K [0x0000000080000000, 0x0000000084500000, 0x00000000d5580000)
  object space 70656K, 99% used [0x0000000080000000,0x00000000844c2ae0,0x0000000084500000)
 Metaspace       used 63010K, committed 64448K, reserved 1114112K
  class space    used 6488K, committed 7104K, reserved 1048576K
GC Heap History (20 events):
Event: 20.408 GC heap before
{Heap before GC invocations=55 (full 3):
 PSYoungGen      total 17408K, used 16416K [0x00000000d5580000, 0x00000000d6a80000, 0x0000000100000000)
  eden space 15872K, 100% used [0x00000000d5580000,0x00000000d6500000,0x00000000d6500000)
  from space 1536K, 35% used [0x00000000d6780000,0x00000000d6808000,0x00000000d6900000)
  to   space 1024K, 0% used [0x00000000d6980000,0x00000000d6980000,0x00000000d6a80000)
 ParOldGen       total 68608K, used 57284K [0x0000000080000000, 0x0000000084300000, 0x00000000d5580000)
  object space 68608K, 83% used [0x0000000080000000,0x00000000837f1368,0x0000000084300000)
 Metaspace       used 61837K, committed 63296K, reserved 1114112K
  class space    used 6408K, committed 7040K, reserved 1048576K
}
Event: 20.412 GC heap after
{Heap after GC invocations=55 (full 3):
 PSYoungGen      total 16896K, used 576K [0x00000000d5580000, 0x00000000d6a80000, 0x0000000100000000)
  eden space 15872K, 0% used [0x00000000d5580000,0x00000000d5580000,0x00000000d6500000)
  from space 1024K, 56% used [0x00000000d6980000,0x00000000d6a10000,0x00000000d6a80000)
  to   space 1024K, 0% used [0x00000000d6880000,0x00000000d6880000,0x00000000d6980000)
 ParOldGen       total 68608K, used 57700K [0x0000000080000000, 0x0000000084300000, 0x00000000d5580000)
  object space 68608K, 84% used [0x0000000080000000,0x0000000083859368,0x0000000084300000)
 Metaspace       used 61837K, committed 63296K, reserved 1114112K
  class space    used 6408K, committed 7040K, reserved 1048576K
}
Event: 20.471 GC heap before
{Heap before GC invocations=56 (full 3):
 PSYoungGen      total 16896K, used 16448K [0x00000000d5580000, 0x00000000d6a80000, 0x0000000100000000)
  eden space 15872K, 100% used [0x00000000d5580000,0x00000000d6500000,0x00000000d6500000)
  from space 1024K, 56% used [0x00000000d6980000,0x00000000d6a10000,0x00000000d6a80000)
  to   space 1024K, 0% used [0x00000000d6880000,0x00000000d6880000,0x00000000d6980000)
 ParOldGen       total 68608K, used 57700K [0x0000000080000000, 0x0000000084300000, 0x00000000d5580000)
  object space 68608K, 84% used [0x0000000080000000,0x0000000083859368,0x0000000084300000)
 Metaspace       used 61847K, committed 63296K, reserved 1114112K
  class space    used 6408K, committed 7040K, reserved 1048576K
}
Event: 20.476 GC heap after
{Heap after GC invocations=56 (full 3):
 PSYoungGen      total 16896K, used 1004K [0x00000000d5580000, 0x00000000d6a00000, 0x0000000100000000)
  eden space 15872K, 0% used [0x00000000d5580000,0x00000000d5580000,0x00000000d6500000)
  from space 1024K, 98% used [0x00000000d6880000,0x00000000d697b268,0x00000000d6980000)
  to   space 512K, 0% used [0x00000000d6980000,0x00000000d6980000,0x00000000d6a00000)
 ParOldGen       total 68608K, used 58556K [0x0000000080000000, 0x0000000084300000, 0x00000000d5580000)
  object space 68608K, 85% used [0x0000000080000000,0x000000008392f038,0x0000000084300000)
 Metaspace       used 61847K, committed 63296K, reserved 1114112K
  class space    used 6408K, committed 7040K, reserved 1048576K
}
Event: 20.548 GC heap before
{Heap before GC invocations=57 (full 3):
 PSYoungGen      total 16896K, used 16876K [0x00000000d5580000, 0x00000000d6a00000, 0x0000000100000000)
  eden space 15872K, 100% used [0x00000000d5580000,0x00000000d6500000,0x00000000d6500000)
  from space 1024K, 98% used [0x00000000d6880000,0x00000000d697b268,0x00000000d6980000)
  to   space 512K, 0% used [0x00000000d6980000,0x00000000d6980000,0x00000000d6a00000)
 ParOldGen       total 68608K, used 58556K [0x0000000080000000, 0x0000000084300000, 0x00000000d5580000)
  object space 68608K, 85% used [0x0000000080000000,0x000000008392f038,0x0000000084300000)
 Metaspace       used 61887K, committed 63424K, reserved 1114112K
  class space    used 6408K, committed 7040K, reserved 1048576K
}
Event: 20.552 GC heap after
{Heap after GC invocations=57 (full 3):
 PSYoungGen      total 16384K, used 489K [0x00000000d5580000, 0x00000000d6c00000, 0x0000000100000000)
  eden space 15872K, 0% used [0x00000000d5580000,0x00000000d5580000,0x00000000d6500000)
  from space 512K, 95% used [0x00000000d6980000,0x00000000d69fa550,0x00000000d6a00000)
  to   space 3584K, 0% used [0x00000000d6500000,0x00000000d6500000,0x00000000d6880000)
 ParOldGen       total 68608K, used 60930K [0x0000000080000000, 0x0000000084300000, 0x00000000d5580000)
  object space 68608K, 88% used [0x0000000080000000,0x0000000083b80958,0x0000000084300000)
 Metaspace       used 61887K, committed 63424K, reserved 1114112K
  class space    used 6408K, committed 7040K, reserved 1048576K
}
Event: 20.715 GC heap before
{Heap before GC invocations=58 (full 3):
 PSYoungGen      total 16384K, used 16361K [0x00000000d5580000, 0x00000000d6c00000, 0x0000000100000000)
  eden space 15872K, 100% used [0x00000000d5580000,0x00000000d6500000,0x00000000d6500000)
  from space 512K, 95% used [0x00000000d6980000,0x00000000d69fa550,0x00000000d6a00000)
  to   space 3584K, 0% used [0x00000000d6500000,0x00000000d6500000,0x00000000d6880000)
 ParOldGen       total 68608K, used 60930K [0x0000000080000000, 0x0000000084300000, 0x00000000d5580000)
  object space 68608K, 88% used [0x0000000080000000,0x0000000083b80958,0x0000000084300000)
 Metaspace       used 62103K, committed 63616K, reserved 1114112K
  class space    used 6416K, committed 7040K, reserved 1048576K
}
Event: 20.718 GC heap after
{Heap after GC invocations=58 (full 3):
 PSYoungGen      total 18944K, used 2785K [0x00000000d5580000, 0x00000000d6b00000, 0x0000000100000000)
  eden space 15872K, 0% used [0x00000000d5580000,0x00000000d5580000,0x00000000d6500000)
  from space 3072K, 90% used [0x00000000d6500000,0x00000000d67b8690,0x00000000d6800000)
  to   space 3072K, 0% used [0x00000000d6800000,0x00000000d6800000,0x00000000d6b00000)
 ParOldGen       total 68608K, used 61348K [0x0000000080000000, 0x0000000084300000, 0x00000000d5580000)
  object space 68608K, 89% used [0x0000000080000000,0x0000000083be9250,0x0000000084300000)
 Metaspace       used 62103K, committed 63616K, reserved 1114112K
  class space    used 6416K, committed 7040K, reserved 1048576K
}
Event: 20.905 GC heap before
{Heap before GC invocations=59 (full 3):
 PSYoungGen      total 18944K, used 18657K [0x00000000d5580000, 0x00000000d6b00000, 0x0000000100000000)
  eden space 15872K, 100% used [0x00000000d5580000,0x00000000d6500000,0x00000000d6500000)
  from space 3072K, 90% used [0x00000000d6500000,0x00000000d67b8690,0x00000000d6800000)
  to   space 3072K, 0% used [0x00000000d6800000,0x00000000d6800000,0x00000000d6b00000)
 ParOldGen       total 68608K, used 61348K [0x0000000080000000, 0x0000000084300000, 0x00000000d5580000)
  object space 68608K, 89% used [0x0000000080000000,0x0000000083be9250,0x0000000084300000)
 Metaspace       used 62184K, committed 63680K, reserved 1114112K
  class space    used 6416K, committed 7040K, reserved 1048576K
}
Event: 20.913 GC heap after
{Heap after GC invocations=59 (full 3):
 PSYoungGen      total 18432K, used 2176K [0x00000000d5580000, 0x00000000d6a80000, 0x0000000100000000)
  eden space 15872K, 0% used [0x00000000d5580000,0x00000000d5580000,0x00000000d6500000)
  from space 2560K, 85% used [0x00000000d6800000,0x00000000d6a20020,0x00000000d6a80000)
  to   space 2560K, 0% used [0x00000000d6580000,0x00000000d6580000,0x00000000d6800000)
 ParOldGen       total 68608K, used 63119K [0x0000000080000000, 0x0000000084300000, 0x00000000d5580000)
  object space 68608K, 92% used [0x0000000080000000,0x0000000083da3e10,0x0000000084300000)
 Metaspace       used 62184K, committed 63680K, reserved 1114112K
  class space    used 6416K, committed 7040K, reserved 1048576K
}
Event: 21.255 GC heap before
{Heap before GC invocations=60 (full 3):
 PSYoungGen      total 18432K, used 18048K [0x00000000d5580000, 0x00000000d6a80000, 0x0000000100000000)
  eden space 15872K, 100% used [0x00000000d5580000,0x00000000d6500000,0x00000000d6500000)
  from space 2560K, 85% used [0x00000000d6800000,0x00000000d6a20020,0x00000000d6a80000)
  to   space 2560K, 0% used [0x00000000d6580000,0x00000000d6580000,0x00000000d6800000)
 ParOldGen       total 68608K, used 63119K [0x0000000080000000, 0x0000000084300000, 0x00000000d5580000)
  object space 68608K, 92% used [0x0000000080000000,0x0000000083da3e10,0x0000000084300000)
 Metaspace       used 62300K, committed 63808K, reserved 1114112K
  class space    used 6420K, committed 7104K, reserved 1048576K
}
Event: 21.263 GC heap after
{Heap after GC invocations=60 (full 3):
 PSYoungGen      total 17920K, used 1580K [0x00000000d5580000, 0x00000000d6900000, 0x0000000100000000)
  eden space 15872K, 0% used [0x00000000d5580000,0x00000000d5580000,0x00000000d6500000)
  from space 2048K, 77% used [0x00000000d6580000,0x00000000d670b2e0,0x00000000d6780000)
  to   space 1536K, 0% used [0x00000000d6780000,0x00000000d6780000,0x00000000d6900000)
 ParOldGen       total 68608K, used 65104K [0x0000000080000000, 0x0000000084300000, 0x00000000d5580000)
  object space 68608K, 94% used [0x0000000080000000,0x0000000083f940e0,0x0000000084300000)
 Metaspace       used 62300K, committed 63808K, reserved 1114112K
  class space    used 6420K, committed 7104K, reserved 1048576K
}
Event: 21.571 GC heap before
{Heap before GC invocations=61 (full 3):
 PSYoungGen      total 17920K, used 16371K [0x00000000d5580000, 0x00000000d6900000, 0x0000000100000000)
  eden space 15872K, 93% used [0x00000000d5580000,0x00000000d63f1b20,0x00000000d6500000)
  from space 2048K, 77% used [0x00000000d6580000,0x00000000d670b2e0,0x00000000d6780000)
  to   space 1536K, 0% used [0x00000000d6780000,0x00000000d6780000,0x00000000d6900000)
 ParOldGen       total 68608K, used 65104K [0x0000000080000000, 0x0000000084300000, 0x00000000d5580000)
  object space 68608K, 94% used [0x0000000080000000,0x0000000083f940e0,0x0000000084300000)
 Metaspace       used 62473K, committed 64000K, reserved 1114112K
  class space    used 6431K, committed 7104K, reserved 1048576K
}
Event: 21.580 GC heap after
{Heap after GC invocations=61 (full 3):
 PSYoungGen      total 14336K, used 1530K [0x00000000d5580000, 0x00000000d7000000, 0x0000000100000000)
  eden space 12800K, 0% used [0x00000000d5580000,0x00000000d5580000,0x00000000d6200000)
  from space 1536K, 99% used [0x00000000d6780000,0x00000000d68febd0,0x00000000d6900000)
  to   space 5632K, 0% used [0x00000000d6200000,0x00000000d6200000,0x00000000d6780000)
 ParOldGen       total 68608K, used 68466K [0x0000000080000000, 0x0000000084300000, 0x00000000d5580000)
  object space 68608K, 99% used [0x0000000080000000,0x00000000842dca30,0x0000000084300000)
 Metaspace       used 62473K, committed 64000K, reserved 1114112K
  class space    used 6431K, committed 7104K, reserved 1048576K
}
Event: 21.633 GC heap before
{Heap before GC invocations=62 (full 3):
 PSYoungGen      total 14336K, used 13924K [0x00000000d5580000, 0x00000000d7000000, 0x0000000100000000)
  eden space 12800K, 96% used [0x00000000d5580000,0x00000000d619a680,0x00000000d6200000)
  from space 1536K, 99% used [0x00000000d6780000,0x00000000d68febd0,0x00000000d6900000)
  to   space 5632K, 0% used [0x00000000d6200000,0x00000000d6200000,0x00000000d6780000)
 ParOldGen       total 68608K, used 68466K [0x0000000080000000, 0x0000000084300000, 0x00000000d5580000)
  object space 68608K, 99% used [0x0000000080000000,0x00000000842dca30,0x0000000084300000)
 Metaspace       used 62473K, committed 64000K, reserved 1114112K
  class space    used 6431K, committed 7104K, reserved 1048576K
}
Event: 21.635 GC heap after
{Heap after GC invocations=62 (full 3):
 PSYoungGen      total 13312K, used 256K [0x00000000d5580000, 0x00000000d6800000, 0x0000000100000000)
  eden space 12800K, 0% used [0x00000000d5580000,0x00000000d5580000,0x00000000d6200000)
  from space 512K, 50% used [0x00000000d6200000,0x00000000d6240000,0x00000000d6280000)
  to   space 2048K, 0% used [0x00000000d6600000,0x00000000d6600000,0x00000000d6800000)
 ParOldGen       total 70144K, used 70002K [0x0000000080000000, 0x0000000084480000, 0x00000000d5580000)
  object space 70144K, 99% used [0x0000000080000000,0x000000008445c8d8,0x0000000084480000)
 Metaspace       used 62473K, committed 64000K, reserved 1114112K
  class space    used 6431K, committed 7104K, reserved 1048576K
}
Event: 21.749 GC heap before
{Heap before GC invocations=63 (full 3):
 PSYoungGen      total 13312K, used 12829K [0x00000000d5580000, 0x00000000d6800000, 0x0000000100000000)
  eden space 12800K, 98% used [0x00000000d5580000,0x00000000d61c7520,0x00000000d6200000)
  from space 512K, 50% used [0x00000000d6200000,0x00000000d6240000,0x00000000d6280000)
  to   space 2048K, 0% used [0x00000000d6600000,0x00000000d6600000,0x00000000d6800000)
 ParOldGen       total 70144K, used 70002K [0x0000000080000000, 0x0000000084480000, 0x00000000d5580000)
  object space 70144K, 99% used [0x0000000080000000,0x000000008445c8d8,0x0000000084480000)
 Metaspace       used 62562K, committed 64064K, reserved 1114112K
  class space    used 6445K, committed 7104K, reserved 1048576K
}
Event: 21.751 GC heap after
{Heap after GC invocations=63 (full 3):
 PSYoungGen      total 13824K, used 634K [0x00000000d5580000, 0x00000000d6700000, 0x0000000100000000)
  eden space 12800K, 0% used [0x00000000d5580000,0x00000000d5580000,0x00000000d6200000)
  from space 1024K, 61% used [0x00000000d6600000,0x00000000d669eb48,0x00000000d6700000)
  to   space 1024K, 0% used [0x00000000d6500000,0x00000000d6500000,0x00000000d6600000)
 ParOldGen       total 70144K, used 70050K [0x0000000080000000, 0x0000000084480000, 0x00000000d5580000)
  object space 70144K, 99% used [0x0000000080000000,0x00000000844688d8,0x0000000084480000)
 Metaspace       used 62562K, committed 64064K, reserved 1114112K
  class space    used 6445K, committed 7104K, reserved 1048576K
}
Event: 31.938 GC heap before
{Heap before GC invocations=64 (full 3):
 PSYoungGen      total 13824K, used 13434K [0x00000000d5580000, 0x00000000d6700000, 0x0000000100000000)
  eden space 12800K, 100% used [0x00000000d5580000,0x00000000d6200000,0x00000000d6200000)
  from space 1024K, 61% used [0x00000000d6600000,0x00000000d669eb48,0x00000000d6700000)
  to   space 1024K, 0% used [0x00000000d6500000,0x00000000d6500000,0x00000000d6600000)
 ParOldGen       total 70144K, used 70050K [0x0000000080000000, 0x0000000084480000, 0x00000000d5580000)
  object space 70144K, 99% used [0x0000000080000000,0x00000000844688d8,0x0000000084480000)
 Metaspace       used 62648K, committed 64128K, reserved 1114112K
  class space    used 6451K, committed 7104K, reserved 1048576K
}
Event: 31.939 GC heap after
{Heap after GC invocations=64 (full 3):
 PSYoungGen      total 13824K, used 1009K [0x00000000d5580000, 0x00000000d6680000, 0x0000000100000000)
  eden space 12800K, 0% used [0x00000000d5580000,0x00000000d5580000,0x00000000d6200000)
  from space 1024K, 98% used [0x00000000d6500000,0x00000000d65fc460,0x00000000d6600000)
  to   space 512K, 0% used [0x00000000d6600000,0x00000000d6600000,0x00000000d6680000)
 ParOldGen       total 70656K, used 70410K [0x0000000080000000, 0x0000000084500000, 0x00000000d5580000)
  object space 70656K, 99% used [0x0000000080000000,0x00000000844c2ae0,0x0000000084500000)
 Metaspace       used 62648K, committed 64128K, reserved 1114112K
  class space    used 6451K, committed 7104K, reserved 1048576K
}

